<?xml version="1.0" encoding="UTF-8"?>
<!-- Generated by org.testng.reporters.JUnitXMLReporter -->
<testsuite ignored="0" hostname="DESKTOP-T47VN0T" failures="0" tests="9" name="Test" time="0.188" errors="0" timestamp="2023-01-03T12:32:05 IST">
  <testcase classname="Test_NG.Sample3" name="TC7" time="0.022"/>
  <testcase classname="Test_NG.Sample3" name="TC8" time="0.004"/>
  <testcase classname="Test_NG.Sample3" name="TC9" time="0.003"/>
  <testcase classname="Test_NG.Sample2" name="TC" time="0.005"/>
  <testcase classname="Test_NG.Sample2" name="TC4" time="0.006"/>
  <testcase classname="Test_NG.Sample2" name="TC5" time="0.006"/>
  <testcase classname="Test_NG.Sample" name="TC1" time="0.003"/>
  <testcase classname="Test_NG.Sample" name="TC2" time="0.004"/>
  <testcase classname="Test_NG.Sample" name="TC3" time="0.005"/>
</testsuite> <!-- Test -->
