<?xml version="1.0" encoding="UTF-8"?>
<testng-results ignored="0" total="2" passed="2" failed="0" skipped="0">
  <reporter-output>
  </reporter-output>
  <suite started-at="2023-01-06T19:32:46 IST" name="Suite" finished-at="2023-01-06T19:33:19 IST" duration-ms="33168">
    <groups>
    </groups>
    <test started-at="2023-01-06T19:32:46 IST" name="Test2" finished-at="2023-01-06T19:33:10 IST" duration-ms="24153">
      <class name="Test_NG.Multisuite">
        <test-method signature="tc()[pri:0, instance:Test_NG.Multisuite@6253c26]" started-at="2023-01-06T19:32:46 IST" name="tc" finished-at="2023-01-06T19:33:10 IST" duration-ms="23857" status="PASS">
          <reporter-output>
          </reporter-output>
        </test-method> <!-- tc -->
      </class> <!-- Test_NG.Multisuite -->
    </test> <!-- Test2 -->
    <test started-at="2023-01-06T19:32:46 IST" name="Test1" finished-at="2023-01-06T19:33:19 IST" duration-ms="33166">
      <class name="Test_NG.Multisuite">
        <test-method signature="tc()[pri:0, instance:Test_NG.Multisuite@32ee6fee]" started-at="2023-01-06T19:32:46 IST" name="tc" finished-at="2023-01-06T19:33:19 IST" duration-ms="32908" status="PASS">
          <reporter-output>
          </reporter-output>
        </test-method> <!-- tc -->
      </class> <!-- Test_NG.Multisuite -->
    </test> <!-- Test1 -->
  </suite> <!-- Suite -->
</testng-results>
